./downloadingafeedbackfile.htm
./downloadingallsubmissions.htm
./downloadingalluploadedfilesforfileuploadquestions.htm
./downloadingandprintingsectionlists.htm
./downloadingapodcast.htm
./downloadingexportingaportfolio.htm
./downloadingthenewitemtemplate.htm
./dropbox.htm
./duplicatingamodule.htm
./duplicatinganassignment.htm
./duplicatingaresource.htm
./duplicatingasite.htm
./editingablogentry.htm
./editingacertificate.htm
./editingamessage.htm
./editingamodule.htm
./editinganannouncement.htm
./editinganddeletingfeedbackinmatrices.htm
./editinganddeletingfeedbackonwizards.htm
./editinganddeletingmessages.htm
./editingapodcast.htm
./editingapoll.htm
./editingasection.htm
./editingasyllabusitem.htm
./editingavirtualclassroomsession.htm
./editingawikipage.htm
./editingcomments.htm
./editingevaluations.htm
./editinggradesandcomments.htm
./editinggradesforagradebookitem.htm
./editinginformationaboutachatroom.htm
./editingingoogledocs.htm
./editingquestionsandheaders.htm
./editingquestionsinapoolorsubpool.htm
./editingscores.htm
./editingsitedescriptionandotherinformation.htm
./editingtemplates.htm
./editingyourprofile.htm
./emailarchive.htm
./enteringacomment.htm
./enteringandeditinggrades.htm
./enteringgradesandcomments.htm
./enteringgradesandcommentsinstudentsummaryframes.htm
./enteringgradesandcommentsinthespreadsheetframe.htm
./enteringgradesforagradebookitem.htm
./enteringscoresinastudentsummaryframe.htm
./eportfoliotools.htm
./evaluatingsubmittedwork.htm
./evaluations.htm
./evaluationsystem.htm
./excusinggrades1.htm
./exportingafilefromaneportfoliotool.htm
./exportingaform.htm
./exportingaglossary.htm
./exportingamatrix.htm
./exportinganassessment.htm
./exportingandimportingaform.htm
./exportingandimportingaglossary.htm
./exportingandimportingamatrix.htm
./exportingandimportinganassessment.htm
./exportingandimportingatemplate.htm
./exportingandimportingawizard.htm
./exportingandimportingtopics.htm
./exportingaroster.htm
./exportingatemplate.htm
./exportingawizard.htm
./exportingcoursegrades.htm
./exportinggrades.htm
./exportinggradestodate.htm
./exportingmodules.htm
./exportingrawdata.htm
./exportingresults.htm
./exportingstudentresponsesforanassessment.htm
./exportingtheformattedreport.htm
./feedback.htm
./feedbackhomepage.htm
./filtering.htm
./findingyoursiteurl.htm
./fixeol.sh
./forevaluatorstakinganevaluation.htm
./forms.htm
./forsiteparticipantscompletingamatrix.htm
./forsiteparticipantscompletingawizard.htm
./forstudentsprintingacertificate.htm
./forstudentstakinganassessment.htm
./forstudentsviewinggrades.htm
./forstudentsviewingthegradebook.htm
./forstudentsworkingwithlessons.htm
./forums.htm
./forwardingamessage.htm
./generalview.htm
./generatingandworkingwithsitestatisticsreports.htm
./glossary.htm
./gradebook.htm
./gradebook2.htm
./gradingbycategoryforumortopic.htm
./gradingparticipationindiscussions.htm
./gradingshortansweressayandfileuploadquestions.htm
./help.htm
./hidingaportfolio.htm
./hidingchatmessages.htm
./hidingsites.htm
./homepage.htm
./importingaform.htm
./importingaglossary.htm
./importingamatrix.htm
./importinganassessment.htm
./importinganassessmentasaquestionpool.htm
./importinganuploadeditemintothegradebook.htm
./importingatemplate.htm
./importingawizard.htm
./importingcalendarevents.htm
./importinggrades.htm
./importinggradesforexistingitems.htm
./importinggradesforitemsnotyetinthegradebook.htm
./importinggradesingradebook2.htm
./importingmaterialfromanothersite.htm
./importingmodules.htm
./importingusersfromanothersite.htm
./informationforsiteparticipants.htm
./insertingalinktoananchor.htm
./insertingalinktoanassignmentassessmentorforum.htm
./insertingalinktoanemailaddress.htm
./insertingalinktoaurl.htm
./insertinganimageormovie.htm
./instructoractivities.htm
./introducingthecle.htm
./joiningandunjoiningpublicsites.htm
./joiningavirtualclassroomsession.htm
./jsmathcontrolpanel.htm
./keyfeaturesofcoursesites.htm
./keyfeaturesofportfoliosites.htm
./keyfeaturesofprojectsites.htm
./keyfeaturesofthewikitool.htm
./leavingacomment.htm
./leavingcommentsforblogentries.htm
./lessons.htm
./linkedaccounts.htm
./linkinganassignmenttoamatrixcell.htm
./linkingdirectlytoamessage.htm
./listofevents.htm
./livevirtualclassroom.htm
./lockingorunlockingtopics.htm
./loggingin.htm
./logoutarea.htm
./mailtool.htm
./managingaccess.htm
./managingcategories.htm
./managingcommentsonyourportfolio.htm
./managingcontent.htm
./managingevents.htm
./managingforums.htm
./managinggroups.htm
./managingparticipants.htm
./managingsections.htm
./managingthedisplayofsubmissions.htm
./managingtopics.htm
./managingyourlessons.htm
./markingmessagesasread1.htm
./markingmessagesasreadorunread.htm
./matrices.htm
./membership.htm
./mergingandunmergingcalendars.htm
./mergingannouncements.htm
./mergingcalendars.htm
./mergingunmergingannouncements.htm
./messageoftheday.htm
./messages.htm
./messagesforumsnotifications.htm
./moderatingdiscussions.htm
./monitoringactivityonapage.htm
./movingamessagetoanotherfolder.htm
./movingapageorcategorytoanotherlevelorcategory.htm
./movingapoolorsubpool.htm
./movingaresource.htm
./movingfrompagetopage.htm
./movingmultiplemessagestofromafolder.htm
./movingsections.htm
./movingtopics.htm
./myworkspace.htm
./myworkspaceinformation.htm
./navigatingthegradebook2userinterface.htm
./navigationbuttonsandlinks.htm
./news.htm
./openingordownloadinganattachmentorotherfile.htm
./otheroptionsforsendingaprivatemessage.htm
./overridinganautocalculatedcoursegrade.htm
./overridingautocalculatedcoursegrades.htm
./overridingmatricesandwizardspreferences.htm
./pagingthroughandsearchinglonglists.htm
./participatinginadiscussion.htm
./performingabasicsearch.htm
./performingcommontasks.htm
./planningaportfolio.htm
./podcasts.htm
./polls.htm
./portfoliolayouts.htm
./portfolios.htm
./portfoliositehomepage.htm
./portfoliosites.htm
./portfoliositesjustthebasics.htm
./portfoliotemplates.htm
./postingamorecomplexmessage.htm
./postingareply.htm
./postingasimplemessage.htm
./postingastatusupdate.htm
./postingchatmessages.htm
./postingmessages.htm
./preferences.htm
./preliminarysteps.htm
./preparingtocreateatemplate.htm
./preparingyourimportfileforupload.htm
./previewinganassessment1.htm
./previewingandpublishingawizard.htm
./previewingevaluations.htm
./previewingquestionsandheaders.htm
./previewingtemplates.htm
./printingacalendar.htm
./printingaroster.htm
./printingasyllabus.htm
./printinglessons.htm
./printinglessons1.htm
./printingordownloadinganassessment.htm
./profile.htm
./projectsitehomepage.htm
./projectsites.htm
./projectsitesjustthebasics.htm
./promotingsubsections.htm
./providingformativefeedbackonamatrix.htm
./providingformativefeedbackonawizard.htm
./publishingaform.htm
./publishingaformglobally.htm
./publishingaglossarytermglobally.htm
./publishingalayoutglobally.htm
./publishinganassessment1.htm
./publishingastyleglobally.htm
./publishingatemplate.htm
./puttingawatchonawikipage.htm
./quicklinksandmysites.htm
./reactivatingarchivedmodules.htm
./readingandworkingwithmessagesyouhavereceiveddiscussionforumstool.htm
./readingmessages.htm
./readingmessages1.htm
./readingmessages2.htm
./readingmessagesintheemailarchive.htm
./recentannouncements.htm
./recentlyvisitedpages.htm
./redirectingyoursyllabus.htm
./reflectingonyourwork.htm
./reflectingonyourwork1.htm
./relationshipsamongportfoliotools.htm
./releasingallgradesatonce.htm
./removingablogentry.htm
./removingafield.htm
./removingagroup.htm
./removinganassociatedsite.htm
./removinganimage.htm
./removingcleaccesstoagoogleaccount.htm
./removingevaluations.htm
./removingparticipants.htm
./removingquestionsfromapoolorsubpool.htm
./removingrosters.htm
./reopeningevaluations.htm
./reorderingmodules.htm
./reorderingresources.htm
./reorderingsections.htm
./reorderingsyllabusitems.htm
./reorderingtheannouncementlist.htm
./reorderingtheassignmentlist.htm
./replyingtoamessage.htm
./requestingthataformbepublishedglobally.htm
./requestingthatalayoutbepublishedglobally.htm
./resetbutton.htm
./resources.htm
./respondingtoaspecificmessage.htm
./restrictingallowingsendingtoemailaddresses.htm
./resubmittinganassignment.htm
./resumetakingasavedassessment.htm
./retractingapublishedassessment.htm
./returningtoasiteortoolhomepage.htm
./revertingbacktoautocalculatedcoursegrades.htm
./revertingbacktoautocalculatedgrades.htm
./revisinganevent1.htm
./revisinganexistinggroup.htm
./revisingasite.htm
./revisingyourwork.htm
./revisingyourwork1.htm
./rolesandpermissionsincoursesites.htm
./rolesandpermissionsinportfoliosites.htm
./rolesandpermissionsinprojectsites.htm
./rolesandpermissionsinthecle.htm
./roster.htm
./savinganattachmentorotherfiletoyourcomputer.htm
./savingapageinwordorpdfformat.htm
./search.htm
./searchingforatopic.htm
./searchingforcontent.htm
./searchingusersandrequestingconnections.htm
./sections.htm
./seeingmodulesfromastudentsperspective.htm
./seeingwhohasviewedyourportfolio.htm
./selectinganitemfromresources.htm
./selectinganitemfromresourcesforuseineportfolios.htm
./selectingasite.htm
./selectingatool.htm
./selectingmultipleitemsfromalistfield.htm
./selectingtoolsforyoursite.htm
./sendingamessage.htm
./sendingandreceivingprivatemessages.htm
./sendinganemail.htm
./sendingaprivatemessage.htm
./sendingaprivatemessagefromyouruserprofile.htm
./sendingaprivatemessagewhilewithinadiscussion.htm
./sendingmailtoallsiteparticipants.htm
./settinganimageasyourprofileimage.htm
./settingannouncementsoptions.htm
./settinggradedisplayandconversionoptions.htm
./settinggraderpermissions.htm
./settingmailtoolpermissions.htm
./settingnotificationpreferences.htm
./settingnotificationpreferencesforthematricestool.htm
./settingnotificationpreferencesforthewizardstool.htm
./settingpreferences.htm
./settingpreferencesintheprofiletool.htm
./settingprivacycontrols.htm
./settingupandmaintainingdiscussionforums.htm
./settingupgrading.htm
./settingupgradingbycategory.htm
./settingupgradingbyforum.htm
./settingupgradingbytopic.htm
./settingupgradingforcommentsonlynoscoring.htm
./settingupthegradebook.htm
./settingupwebdavinmacos103orearlier.htm
./settingupwebdavinmacos104orlater.htm
./settingupwebdavinwindows7andwindowsvista.htm
./settingupwebdavinwindowsxp.htm
./settingupyourgradebook.htm
./settinguserpermissions.htm
./settingyourlanguagepreference.htm
./settingyournotificationpreferences.htm
./settingyournotificationpreferences1.htm
./settingyourpreferences.htm
./settingyourprivacystatus.htm
./settingyourtimezone.htm
./sharingaquestionpool.htm
./sharingyourportfolio.htm
./siteeditor.htm
./sitename.htm
./sitesetup.htm
./sitestatistics.htm
./sorting.htm
./sortingandfiltering.htm
./specifyingemailnotificationoptions.htm
./specifyingsettingsanddates.htm
./startinganewtopic.htm
./step1addingamodulepage.htm
./step1addingthetemplatename.htm
./step1creatingtheframework.htm
./step1creatingthewizard.htm
./step2addingcontentsections.htm
./step2addingwizardsupport.htm
./step2settingupcells.htm
./step2specifyingthelayout.htm
./step3addingpagestoasequentialwizard.htm
./step3addingtherequiredformsandotheritems.htm
./step3publishingthematrix.htm
./step4addingcategoriessubcategoriesandpagestoahierarchicalwizard.htm
./step4selectingsupportingfiles.htm
./step5finishingwhenusingpassthroughxsl.htm
./studentactivities.htm
./styles.htm
./submittingyourworkforevaluation.htm
./submittingyourworkforevaluation1.htm
./subscribingtoexternalcalendars.htm
./subscribingtotherssfeed.htm
./suggestingglobalpublicationofastyle.htm
./syllabus.htm
./testsquizzes.htm
./theformstoolandtheresourcestool.htm
./theportfoliotemplatestoolandtheresourcestool.htm
./thingsyoumustknowbeforesettingupwebdav.htm
./toolname.htm
./toolsavailableinmyworkspace.htm
./toolsincoursesites.htm
./toolsinportfoliosites.htm
./toolsinprojectsites.htm
./toolsinthecle.htm
./toolsmenu.htm
./turningautoforwardingonandoff.htm
./typesofgroupsites.htm
./typesofsitesinthecle.htm
./typesofwizards.htm
./unjoiningapublicsite.htm
./unmergingannouncements.htm
./unmergingcalendars.htm
./updatingafeedbackfile.htm
./updatingclassrosters.htm
./uploadingallsubmissions.htm
./uploadingalocalfile.htm
./uploadingandimportinggrades.htm
./uploadinganewitemwithgrades.htm
./uploadingdownloadingmultipleresources.htm
./userspresentlist.htm
./usingadvancedsearch.htm
./usingadvancedsearchoptions.htm
./usingatemplatetocreateaportfolio.htm
./usingautocreatesections.htm
./usinglatexwiththewiriseditor.htm
./usingthehelptool.htm
./usingthematricestoolforsiteassociation.htm
./usingtherichtexteditor.htm
./usingwikimarkuplanguage.htm
./viewingaform.htm
./viewingallstudentscoresforagivenitem.htm
./viewinganassignmentlinkedtoamatrix.htm
./viewingandfindingquestionpoolsandsubpools.htm
./viewingandgradingsubmissions.htm
./viewingandmanagingconnections.htm
./viewingandmanagingyourblogentries.htm
./viewingandworkingwithevaluationresults.htm
./viewinganotherchatroom.htm
./viewingaportfolioanditscomments.htm
./viewingarecordedsession.htm
./viewingaroster.htm
./viewingassignmentsandgrades.htm
./viewingaturnitinreport.htm
./viewingblogsofotherusers.htm
./viewingcalendareventdetail.htm
./viewingcalendars.htm
./viewingcoursegradestodate.htm
./viewingfeedbackasaninstructor.htm
./viewingfeedbackasastudent.htm
./viewingfeedbackforallparticipants.htm
./viewingfeedbackforoneparticipant.htm
./viewingfeedbackonyourwork.htm
./viewingfeedbackonyourwork1.htm
./viewinggradebookhistory.htm
./viewinggradebookstatistics.htm
./viewinggrades.htm
./viewinggrades1.htm
./viewinggradesandcomments.htm
./viewinggradesbystudent.htm
./viewinggradesforagivenitem.htm
./viewinggradesforthecoursetodate.htm
./viewinggradesinastudentsummaryframe.htm
./viewinggradesinthespreadsheetframe.htm
./viewinglinkedassignments.htm
./viewingnews.htm
./viewingpageinformation.htm
./viewingpicturesinaroster.htm
./viewingtheassignmentlistbystudent.htm
./viewingthelistandaccessingfoldercontent.htm
./viewingthelistandfindinganassignment.htm
./viewingturnitinreports.htm
./viewingyourgrades.htm
./viewingyoursiteasauserinanotherrole.htm
./voting.htm
./watchingatopic.htm
./watchingforums.htm
./webcontent.htm
./whatcanwedowithwikis.htm
./wheretobegin.htm
./whouseswizards.htm
./wiki.htm
./wizards.htm
./workingonandsubmittinganassignment.htm
./workingwithasinglecitation.htm
./workingwithattachmentsfilesetc.htm
./workingwithcitationlists.htm
./workingwithevaluationquestionsandheaders.htm
./workingwithfolders.htm
./workingwithimages.htm
./workingwithitemscreatedinothertools.htm
./workingwithjsmath.htm
./workingwithlinks.htm
./workingwithlists.htm
./workingwithmessages.htm
./workingwithmessagesyouhavesent.htm
./workingwithmultipleitemsconcurrently.htm
./workingwithquestionpools.htm
./workingwithstudentsubmissions.htm
./workingwithtemplates.htm
./workingwiththegradebooktab.htm
./workingwiththespreadsheetframe.htm
./workingwiththestudentview.htm
./workingwiththewiriseditor.htm
./workingwithvisitsactivityandresourcessummaries.htm
